  Action.cpp
  ActionAddBattery.cpp
D:\CIE202\cpp5\Actions\ActionAddBattery.cpp(100,33): warning C4101: 'e': unreferenced local variable
D:\CIE202\cpp5\Actions\ActionAddBattery.cpp(101,29): warning C4101: 'e': unreferenced local variable
  ActionAddBuzzer.cpp
  ActionAddFuse.cpp
  ActionAddGround.cpp
  ActionAddLamp.cpp
  ActionAddModule.cpp
D:\CIE202\cpp5\Actions\ActionAddModule.cpp(100,33): warning C4101: 'e': unreferenced local variable
D:\CIE202\cpp5\Actions\ActionAddModule.cpp(101,29): warning C4101: 'e': unreferenced local variable
  ActionAddRes.cpp
D:\CIE202\cpp5\Actions\ActionAddRes.cpp(100,33): warning C4101: 'e': unreferenced local variable
D:\CIE202\cpp5\Actions\ActionAddRes.cpp(101,29): warning C4101: 'e': unreferenced local variable
  ActionAddSwitch.cpp
  ActionConnect.cpp
  ActionCopyCutPaste.cpp
  ActionEditL.cpp
  ActionEditV.cpp
  ActionLoadCircut.cpp
  ActionSaveCircut.cpp
  ActionSelect.cpp
  ApplicationManager.cpp
  Battery.cpp
  Buzzer.cpp
  Component.cpp
  Generating Code...
  Compiling...
  Connection.cpp
  Fuse.cpp
  Ground.cpp
  Lamp.cpp
  Module.cpp
  Resistor.cpp
  Switch.cpp
  main.cpp
  UI.cpp
  Generating Code...
  CIE202-Proj.vcxproj -> D:\CIE202\cpp5\x64\Debug\CIE202-Proj.exe
